This file contains any messages produced by compilers while
running configure, to aid debugging if configure makes a mistake.

It was created by fplll-cuda-enum configure 1.0.0, which was
generated by GNU Autoconf 2.69.  Invocation command line was

  $ ./configure --no-create --no-recursion

## --------- ##
## Platform. ##
## --------- ##

hostname = ELROND
uname -m = x86_64
uname -r = 5.4.0-72-generic
uname -s = Linux
uname -v = #80~18.04.1-Ubuntu SMP Mon Apr 12 23:26:25 UTC 2021

/usr/bin/uname -p = unknown
/bin/uname -X     = unknown

/bin/arch              = unknown
/usr/bin/arch -k       = unknown
/usr/convex/getsysinfo = unknown
/usr/bin/hostinfo      = unknown
/bin/machine           = unknown
/usr/bin/oslevel       = unknown
/bin/universe          = unknown

PATH: /home/feanor/.local/bin
PATH: /home/feanor/.local/bin
PATH: /usr/local/sbin
PATH: /usr/local/bin
PATH: /usr/sbin
PATH: /usr/bin
PATH: /sbin
PATH: /bin
PATH: /usr/games
PATH: /usr/local/games
PATH: /snap/bin


## ----------- ##
## Core tests. ##
## ----------- ##

configure:1841: checking for a BSD-compatible install
configure:1909: result: /usr/bin/install -c
configure:1920: checking whether build environment is sane
configure:1975: result: yes
configure:2126: checking for a thread-safe mkdir -p
configure:2165: result: /bin/mkdir -p
configure:2172: checking for gawk
configure:2202: result: no
configure:2172: checking for mawk
configure:2188: found /usr/bin/mawk
configure:2199: result: mawk
configure:2210: checking whether make sets $(MAKE)
configure:2232: result: yes
configure:2261: checking whether make supports nested variables
configure:2278: result: yes
configure:2463: checking for g++
configure:2479: found /usr/bin/g++
configure:2490: result: g++
configure:2517: checking for C++ compiler version
configure:2526: g++ --version >&5
g++ (Ubuntu 7.5.0-3ubuntu1~18.04) 7.5.0
Copyright (C) 2017 Free Software Foundation, Inc.
This is free software; see the source for copying conditions.  There is NO
warranty; not even for MERCHANTABILITY or FITNESS FOR A PARTICULAR PURPOSE.

configure:2537: $? = 0
configure:2526: g++ -v >&5
Using built-in specs.
COLLECT_GCC=g++
COLLECT_LTO_WRAPPER=/usr/lib/gcc/x86_64-linux-gnu/7/lto-wrapper
OFFLOAD_TARGET_NAMES=nvptx-none
OFFLOAD_TARGET_DEFAULT=1
Target: x86_64-linux-gnu
Configured with: ../src/configure -v --with-pkgversion='Ubuntu 7.5.0-3ubuntu1~18.04' --with-bugurl=file:///usr/share/doc/gcc-7/README.Bugs --enable-languages=c,ada,c++,go,brig,d,fortran,objc,obj-c++ --prefix=/usr --with-gcc-major-version-only --program-suffix=-7 --program-prefix=x86_64-linux-gnu- --enable-shared --enable-linker-build-id --libexecdir=/usr/lib --without-included-gettext --enable-threads=posix --libdir=/usr/lib --enable-nls --enable-bootstrap --enable-clocale=gnu --enable-libstdcxx-debug --enable-libstdcxx-time=yes --with-default-libstdcxx-abi=new --enable-gnu-unique-object --disable-vtable-verify --enable-libmpx --enable-plugin --enable-default-pie --with-system-zlib --with-target-system-zlib --enable-objc-gc=auto --enable-multiarch --disable-werror --with-arch-32=i686 --with-abi=m64 --with-multilib-list=m32,m64,mx32 --enable-multilib --with-tune=generic --enable-offload-targets=nvptx-none --without-cuda-driver --enable-checking=release --build=x86_64-linux-gnu --host=x86_64-linux-gnu --target=x86_64-linux-gnu
Thread model: posix
gcc version 7.5.0 (Ubuntu 7.5.0-3ubuntu1~18.04) 
configure:2537: $? = 0
configure:2526: g++ -V >&5
g++: error: unrecognized command line option '-V'
g++: fatal error: no input files
compilation terminated.
configure:2537: $? = 1
configure:2526: g++ -qversion >&5
g++: error: unrecognized command line option '-qversion'; did you mean '--version'?
g++: fatal error: no input files
compilation terminated.
configure:2537: $? = 1
configure:2557: checking whether the C++ compiler works
configure:2579: g++    conftest.cpp  >&5
configure:2583: $? = 0
configure:2631: result: yes
configure:2634: checking for C++ compiler default output file name
configure:2636: result: a.out
configure:2642: checking for suffix of executables
configure:2649: g++ -o conftest    conftest.cpp  >&5
configure:2653: $? = 0
configure:2675: result: 
configure:2697: checking whether we are cross compiling
configure:2705: g++ -o conftest    conftest.cpp  >&5
configure:2709: $? = 0
configure:2716: ./conftest
configure:2720: $? = 0
configure:2735: result: no
configure:2740: checking for suffix of object files
configure:2762: g++ -c   conftest.cpp >&5
configure:2766: $? = 0
configure:2787: result: o
configure:2791: checking whether we are using the GNU C++ compiler
configure:2810: g++ -c   conftest.cpp >&5
configure:2810: $? = 0
configure:2819: result: yes
configure:2828: checking whether g++ accepts -g
configure:2848: g++ -c -g  conftest.cpp >&5
configure:2848: $? = 0
configure:2889: result: yes
configure:2923: checking for style of include used by make
configure:2951: result: GNU
configure:2977: checking dependency style of g++
configure:3088: result: gcc3
configure:3251: checking that generated files are newer than configure
configure:3257: result: done
configure:3280: creating ./config.status

## ---------------- ##
## Cache variables. ##
## ---------------- ##

ac_cv_cxx_compiler_gnu=yes
ac_cv_env_CCC_set=
ac_cv_env_CCC_value=
ac_cv_env_CPPFLAGS_set=
ac_cv_env_CPPFLAGS_value=
ac_cv_env_CXXFLAGS_set=
ac_cv_env_CXXFLAGS_value=
ac_cv_env_CXX_set=
ac_cv_env_CXX_value=
ac_cv_env_LDFLAGS_set=
ac_cv_env_LDFLAGS_value=
ac_cv_env_LIBS_set=
ac_cv_env_LIBS_value=
ac_cv_env_build_alias_set=
ac_cv_env_build_alias_value=
ac_cv_env_host_alias_set=
ac_cv_env_host_alias_value=
ac_cv_env_target_alias_set=
ac_cv_env_target_alias_value=
ac_cv_objext=o
ac_cv_path_install='/usr/bin/install -c'
ac_cv_path_mkdir=/bin/mkdir
ac_cv_prog_AWK=mawk
ac_cv_prog_ac_ct_CXX=g++
ac_cv_prog_cxx_g=yes
ac_cv_prog_make_make_set=yes
am_cv_CXX_dependencies_compiler_type=gcc3
am_cv_make_support_nested_variables=yes

## ----------------- ##
## Output variables. ##
## ----------------- ##

ACLOCAL='${SHELL} /home/feanor/Projekte/fplll-cuda-enumeration/missing aclocal-1.15'
AMDEPBACKSLASH='\'
AMDEP_FALSE='#'
AMDEP_TRUE=''
AMTAR='$${TAR-tar}'
AM_BACKSLASH='\'
AM_DEFAULT_V='$(AM_DEFAULT_VERBOSITY)'
AM_DEFAULT_VERBOSITY='1'
AM_V='$(V)'
AUTOCONF='${SHELL} /home/feanor/Projekte/fplll-cuda-enumeration/missing autoconf'
AUTOHEADER='${SHELL} /home/feanor/Projekte/fplll-cuda-enumeration/missing autoheader'
AUTOMAKE='${SHELL} /home/feanor/Projekte/fplll-cuda-enumeration/missing automake-1.15'
AWK='mawk'
CPPFLAGS=''
CXX='g++'
CXXDEPMODE='depmode=gcc3'
CXXFLAGS='-g -O2'
CYGPATH_W='echo'
DEFS='-DPACKAGE_NAME=\"fplll-cuda-enum\" -DPACKAGE_TARNAME=\"fplll-cuda-enum\" -DPACKAGE_VERSION=\"1.0.0\" -DPACKAGE_STRING=\"fplll-cuda-enum\ 1.0.0\" -DPACKAGE_BUGREPORT=\"\" -DPACKAGE_URL=\"\" -DPACKAGE=\"fplll-cuda-enum\" -DVERSION=\"1.0.0\"'
DEPDIR='.deps'
ECHO_C=''
ECHO_N='-n'
ECHO_T=''
EXEEXT=''
INSTALL_DATA='${INSTALL} -m 644'
INSTALL_PROGRAM='${INSTALL}'
INSTALL_SCRIPT='${INSTALL}'
INSTALL_STRIP_PROGRAM='$(install_sh) -c -s'
LDFLAGS=''
LIBOBJS=''
LIBS=''
LTLIBOBJS=''
MAKEINFO='${SHELL} /home/feanor/Projekte/fplll-cuda-enumeration/missing makeinfo'
MKDIR_P='/bin/mkdir -p'
OBJEXT='o'
PACKAGE='fplll-cuda-enum'
PACKAGE_BUGREPORT=''
PACKAGE_NAME='fplll-cuda-enum'
PACKAGE_STRING='fplll-cuda-enum 1.0.0'
PACKAGE_TARNAME='fplll-cuda-enum'
PACKAGE_URL=''
PACKAGE_VERSION='1.0.0'
PATH_SEPARATOR=':'
SET_MAKE=''
SHELL='/bin/bash'
STRIP=''
VERSION='1.0.0'
ac_ct_CXX='g++'
am__EXEEXT_FALSE=''
am__EXEEXT_TRUE='#'
am__fastdepCXX_FALSE='#'
am__fastdepCXX_TRUE=''
am__include='include'
am__isrc=''
am__leading_dot='.'
am__nodep='_no'
am__quote=''
am__tar='$${TAR-tar} chof - "$$tardir"'
am__untar='$${TAR-tar} xf -'
bindir='${exec_prefix}/bin'
build_alias=''
datadir='${datarootdir}'
datarootdir='${prefix}/share'
docdir='${datarootdir}/doc/${PACKAGE_TARNAME}'
dvidir='${docdir}'
exec_prefix='${prefix}'
host_alias=''
htmldir='${docdir}'
includedir='${prefix}/include'
infodir='${datarootdir}/info'
install_sh='${SHELL} /home/feanor/Projekte/fplll-cuda-enumeration/install-sh'
libdir='${exec_prefix}/lib'
libexecdir='${exec_prefix}/libexec'
localedir='${datarootdir}/locale'
localstatedir='${prefix}/var'
mandir='${datarootdir}/man'
mkdir_p='$(MKDIR_P)'
oldincludedir='/usr/include'
pdfdir='${docdir}'
prefix='/usr/local'
program_transform_name='s,x,x,'
psdir='${docdir}'
runstatedir='${localstatedir}/run'
sbindir='${exec_prefix}/sbin'
sharedstatedir='${prefix}/com'
sysconfdir='${prefix}/etc'
target_alias=''

## ----------- ##
## confdefs.h. ##
## ----------- ##

/* confdefs.h */
#define PACKAGE_NAME "fplll-cuda-enum"
#define PACKAGE_TARNAME "fplll-cuda-enum"
#define PACKAGE_VERSION "1.0.0"
#define PACKAGE_STRING "fplll-cuda-enum 1.0.0"
#define PACKAGE_BUGREPORT ""
#define PACKAGE_URL ""
#define PACKAGE "fplll-cuda-enum"
#define VERSION "1.0.0"

configure: exit 0

## ---------------------- ##
## Running config.status. ##
## ---------------------- ##

This file was extended by fplll-cuda-enum config.status 1.0.0, which was
generated by GNU Autoconf 2.69.  Invocation command line was

  CONFIG_FILES    = 
  CONFIG_HEADERS  = 
  CONFIG_LINKS    = 
  CONFIG_COMMANDS = 
  $ ./config.status 

on ELROND

config.status:773: creating Makefile
config.status:945: executing depfiles commands
